outputs/logs/manifest-merger-debug-report.txt
-- Merging decision tree log ---
manifest
ADDED from src\main\AndroidManifest.xml:2:1-123:12
INJECTED from src\main\AndroidManifest.xml:2:1-123:12
INJECTED from src\main\AndroidManifest.xml:2:1-123:12
INJECTED from src\main\AndroidManifest.xml:2:1-123:12
MERGED from [androidx.databinding:viewbinding:8.10.1] AndroidManifest.xml:2:1-7:12
MERGED from [androidx.navigation:navigation-common:2.7.6] AndroidManifest.xml:17:1-22:12
MERGED from [androidx.navigation:navigation-common-ktx:2.7.6] AndroidManifest.xml:2:1-7:12
MERGED from [androidx.navigation:navigation-runtime:2.7.6] AndroidManifest.xml:17:1-22:12
MERGED from [androidx.navigation:navigation-runtime-ktx:2.7.6] AndroidManifest.xml:2:1-7:12
MERGED from [androidx.navigation:navigation-fragment:2.7.6] AndroidManifest.xml:17:1-22:12
MERGED from [androidx.navigation:navigation-fragment-ktx:2.7.6] AndroidManifest.xml:2:1-7:12
MERGED from [androidx.navigation:navigation-ui-ktx:2.7.6] AndroidManifest.xml:2:1-7:12
MERGED from [androidx.navigation:navigation-ui:2.7.6] AndroidManifest.xml:17:1-22:12
MERGED from [com.google.android.material:material:1.11.0] AndroidManifest.xml:17:1-24:12
MERGED from [androidx.constraintlayout:constraintlayout:2.1.4] AndroidManifest.xml:2:1-11:12
MERGED from [androidx.appcompat:appcompat-resources:1.6.1] AndroidManifest.xml:17:1-22:12
MERGED from [androidx.preference:preference-ktx:1.2.1] AndroidManifest.xml:17:1-24:12
MERGED from [androidx.preference:preference:1.2.1] AndroidManifest.xml:17:1-24:12
MERGED from [androidx.appcompat:appcompat:1.6.1] AndroidManifest.xml:17:1-22:12
MERGED from [androidx.glance:glance:1.0.0] AndroidManifest.xml:2:1-7:12
MERGED from [androidx.glance:glance-appwidget:1.0.0] AndroidManifest.xml:17:1-56:12
MERGED from [androidx.recyclerview:recyclerview:1.3.2] AndroidManifest.xml:17:1-22:12
MERGED from [androidx.viewpager2:viewpager2:1.1.0-beta02] AndroidManifest.xml:2:1-7:12
MERGED from [androidx.fragment:fragment:1.6.2] AndroidManifest.xml:17:1-22:12
MERGED from [androidx.fragment:fragment-ktx:1.6.2] AndroidManifest.xml:17:1-22:12
MERGED from [androidx.customview:customview-poolingcontainer:1.0.0] AndroidManifest.xml:17:1-23:12
MERGED from [androidx.activity:activity:1.8.0] AndroidManifest.xml:17:1-22:12
MERGED from [androidx.activity:activity-ktx:1.8.0] AndroidManifest.xml:2:1-7:12
MERGED from [androidx.savedstate:savedstate-ktx:1.2.1] AndroidManifest.xml:17:1-22:12
MERGED from [androidx.savedstate:savedstate:1.2.1] AndroidManifest.xml:17:1-22:12
MERGED from [androidx.emoji2:emoji2-views-helper:1.2.0] AndroidManifest.xml:2:1-7:12
MERGED from [androidx.emoji2:emoji2:1.2.0] AndroidManifest.xml:17:1-35:12
MERGED from [androidx.work:work-runtime-ktx:2.9.0] AndroidManifest.xml:17:1-22:12
MERGED from [androidx.work:work-runtime:2.9.0] AndroidManifest.xml:17:1-145:12
MERGED from [androidx.lifecycle:lifecycle-runtime-ktx:2.7.0] AndroidManifest.xml:17:1-22:12
MERGED from [androidx.lifecycle:lifecycle-service:2.7.0] AndroidManifest.xml:2:1-7:12
MERGED from [androidx.lifecycle:lifecycle-livedata-core:2.7.0] AndroidManifest.xml:17:1-22:12
MERGED from [androidx.lifecycle:lifecycle-process:2.7.0] AndroidManifest.xml:17:1-35:12
MERGED from [androidx.lifecycle:lifecycle-livedata-core-ktx:2.7.0] AndroidManifest.xml:2:1-7:12
MERGED from [androidx.dynamicanimation:dynamicanimation:1.0.0] AndroidManifest.xml:17:1-22:12
MERGED from [androidx.legacy:legacy-support-core-utils:1.0.0] AndroidManifest.xml:17:1-22:12
MERGED from [androidx.loader:loader:1.0.0] AndroidManifest.xml:17:1-22:12
MERGED from [androidx.lifecycle:lifecycle-livedata:2.7.0] AndroidManifest.xml:17:1-22:12
MERGED from [androidx.lifecycle:lifecycle-viewmodel:2.7.0] AndroidManifest.xml:17:1-22:12
MERGED from [androidx.lifecycle:lifecycle-viewmodel-savedstate:2.7.0] AndroidManifest.xml:17:1-22:12
MERGED from [androidx.core:core-ktx:1.12.0] AndroidManifest.xml:2:1-7:12
MERGED from [androidx.drawerlayout:drawerlayout:1.1.1] AndroidManifest.xml:17:1-24:12
MERGED from [androidx.coordinatorlayout:coordinatorlayout:1.1.0] AndroidManifest.xml:17:1-24:12
MERGED from [androidx.vectordrawable:vectordrawable-animated:1.1.0] AndroidManifest.xml:17:1-24:12
MERGED from [androidx.vectordrawable:vectordrawable:1.1.0] AndroidManifest.xml:17:1-24:12
MERGED from [androidx.core:core-remoteviews:1.0.0] AndroidManifest.xml:17:1-30:12
MERGED from [androidx.slidingpanelayout:slidingpanelayout:1.2.0] AndroidManifest.xml:17:1-24:12
MERGED from [androidx.viewpager:viewpager:1.0.0] AndroidManifest.xml:17:1-22:12
MERGED from [androidx.customview:customview:1.1.0] AndroidManifest.xml:17:1-24:12
MERGED from [androidx.transition:transition:1.4.1] AndroidManifest.xml:17:1-24:12
MERGED from [androidx.window:window:1.0.0] AndroidManifest.xml:17:1-33:12
MERGED from [androidx.core:core:1.12.0] AndroidManifest.xml:17:1-30:12
MERGED from [androidx.lifecycle:lifecycle-runtime:2.7.0] AndroidManifest.xml:2:1-7:12
MERGED from [androidx.lifecycle:lifecycle-livedata-ktx:2.7.0] AndroidManifest.xml:2:1-7:12
MERGED from [androidx.lifecycle:lifecycle-viewmodel-ktx:2.7.0] AndroidManifest.xml:2:1-7:12
MERGED from [androidx.datastore:datastore-preferences:1.0.0] AndroidManifest.xml:17:1-24:12
MERGED from [androidx.datastore:datastore:1.0.0] AndroidManifest.xml:17:1-24:12
MERGED from [androidx.room:room-ktx:2.5.0] AndroidManifest.xml:17:1-22:12
MERGED from [androidx.compose.ui:ui-graphics:1.1.1] AndroidManifest.xml:17:1-24:12
MERGED from [androidx.compose.ui:ui-unit:1.1.1] AndroidManifest.xml:17:1-24:12
MERGED from [androidx.compose.ui:ui-geometry:1.1.1] AndroidManifest.xml:17:1-24:12
MERGED from [androidx.compose.runtime:runtime:1.2.1] AndroidManifest.xml:17:1-23:12
MERGED from [androidx.room:room-runtime:2.5.0] AndroidManifest.xml:17:1-31:12
MERGED from [com.github.PhilJay:MPAndroidChart:v3.1.0] AndroidManifest.xml:2:1-20:12
MERGED from [androidx.cardview:cardview:1.0.0] AndroidManifest.xml:17:1-22:12
MERGED from [androidx.cursoradapter:cursoradapter:1.0.0] AndroidManifest.xml:17:1-22:12
MERGED from [androidx.interpolator:interpolator:1.0.0] AndroidManifest.xml:17:1-22:12
MERGED from [androidx.versionedparcelable:versionedparcelable:1.1.1] AndroidManifest.xml:17:1-27:12
MERGED from [androidx.profileinstaller:profileinstaller:1.3.0] AndroidManifest.xml:17:1-55:12
MERGED from [androidx.startup:startup-runtime:1.1.1] AndroidManifest.xml:17:1-33:12
MERGED from [androidx.tracing:tracing:1.0.0] AndroidManifest.xml:17:1-24:12
MERGED from [androidx.arch.core:core-runtime:2.2.0] AndroidManifest.xml:17:1-22:12
MERGED from [androidx.sqlite:sqlite-framework:2.3.0] AndroidManifest.xml:17:1-22:12
MERGED from [androidx.documentfile:documentfile:1.0.0] AndroidManifest.xml:17:1-22:12
MERGED from [androidx.localbroadcastmanager:localbroadcastmanager:1.0.0] AndroidManifest.xml:17:1-22:12
MERGED from [androidx.print:print:1.0.0] AndroidManifest.xml:17:1-22:12
MERGED from [androidx.sqlite:sqlite:2.3.0] AndroidManifest.xml:17:1-22:12
MERGED from [androidx.annotation:annotation-experimental:1.3.0] AndroidManifest.xml:17:1-22:12
MERGED from [androidx.compose.ui:ui-util:1.1.1] AndroidManifest.xml:17:1-24:12
	package
		INJECTED from src\main\AndroidManifest.xml
	android:versionName
		INJECTED from src\main\AndroidManifest.xml
	xmlns:tools
		ADDED from src\main\AndroidManifest.xml:3:5-51
	android:versionCode
		INJECTED from src\main\AndroidManifest.xml
	xmlns:android
		ADDED from src\main\AndroidManifest.xml:2:11-69
uses-permission#android.permission.POST_NOTIFICATIONS
ADDED from src\main\AndroidManifest.xml:6:5-77
	android:name
		ADDED from src\main\AndroidManifest.xml:6:22-74
uses-permission#android.permission.SCHEDULE_EXACT_ALARM
ADDED from src\main\AndroidManifest.xml:7:5-79
	android:name
		ADDED from src\main\AndroidManifest.xml:7:22-76
uses-permission#android.permission.USE_EXACT_ALARM
ADDED from src\main\AndroidManifest.xml:8:5-74
	android:name
		ADDED from src\main\AndroidManifest.xml:8:22-71
uses-permission#android.permission.WAKE_LOCK
ADDED from src\main\AndroidManifest.xml:9:5-68
MERGED from [androidx.work:work-runtime:2.9.0] AndroidManifest.xml:23:5-68
MERGED from [androidx.work:work-runtime:2.9.0] AndroidManifest.xml:23:5-68
	android:name
		ADDED from src\main\AndroidManifest.xml:9:22-65
uses-permission#android.permission.RECEIVE_BOOT_COMPLETED
ADDED from src\main\AndroidManifest.xml:10:5-81
MERGED from [androidx.work:work-runtime:2.9.0] AndroidManifest.xml:25:5-81
MERGED from [androidx.work:work-runtime:2.9.0] AndroidManifest.xml:25:5-81
	android:name
		ADDED from src\main\AndroidManifest.xml:10:22-78
uses-permission#android.permission.VIBRATE
ADDED from src\main\AndroidManifest.xml:11:5-66
	android:name
		ADDED from src\main\AndroidManifest.xml:11:22-63
uses-permission#android.permission.ACTIVITY_RECOGNITION
ADDED from src\main\AndroidManifest.xml:14:5-79
	android:name
		ADDED from src\main\AndroidManifest.xml:14:22-76
uses-feature#android.hardware.sensor.accelerometer
ADDED from src\main\AndroidManifest.xml:15:5-99
	android:required
		ADDED from src\main\AndroidManifest.xml:15:72-96
	android:name
		ADDED from src\main\AndroidManifest.xml:15:19-71
uses-feature#android.hardware.sensor.stepcounter
ADDED from src\main\AndroidManifest.xml:16:5-97
	android:required
		ADDED from src\main\AndroidManifest.xml:16:70-94
	android:name
		ADDED from src\main\AndroidManifest.xml:16:19-69
application
ADDED from src\main\AndroidManifest.xml:18:5-121:19
INJECTED from src\main\AndroidManifest.xml:18:5-121:19
MERGED from [com.google.android.material:material:1.11.0] AndroidManifest.xml:22:5-20
MERGED from [com.google.android.material:material:1.11.0] AndroidManifest.xml:22:5-20
MERGED from [androidx.constraintlayout:constraintlayout:2.1.4] AndroidManifest.xml:9:5-20
MERGED from [androidx.constraintlayout:constraintlayout:2.1.4] AndroidManifest.xml:9:5-20
MERGED from [androidx.glance:glance-appwidget:1.0.0] AndroidManifest.xml:22:5-54:19
MERGED from [androidx.glance:glance-appwidget:1.0.0] AndroidManifest.xml:22:5-54:19
MERGED from [androidx.emoji2:emoji2:1.2.0] AndroidManifest.xml:23:5-33:19
MERGED from [androidx.emoji2:emoji2:1.2.0] AndroidManifest.xml:23:5-33:19
MERGED from [androidx.work:work-runtime:2.9.0] AndroidManifest.xml:28:5-143:19
MERGED from [androidx.work:work-runtime:2.9.0] AndroidManifest.xml:28:5-143:19
MERGED from [androidx.lifecycle:lifecycle-process:2.7.0] AndroidManifest.xml:23:5-33:19
MERGED from [androidx.lifecycle:lifecycle-process:2.7.0] AndroidManifest.xml:23:5-33:19
MERGED from [androidx.core:core-remoteviews:1.0.0] AndroidManifest.xml:23:5-28:19
MERGED from [androidx.core:core-remoteviews:1.0.0] AndroidManifest.xml:23:5-28:19
MERGED from [androidx.window:window:1.0.0] AndroidManifest.xml:24:5-31:19
MERGED from [androidx.window:window:1.0.0] AndroidManifest.xml:24:5-31:19
MERGED from [androidx.core:core:1.12.0] AndroidManifest.xml:28:5-89
MERGED from [androidx.core:core:1.12.0] AndroidManifest.xml:28:5-89
MERGED from [androidx.room:room-runtime:2.5.0] AndroidManifest.xml:23:5-29:19
MERGED from [androidx.room:room-runtime:2.5.0] AndroidManifest.xml:23:5-29:19
MERGED from [androidx.versionedparcelable:versionedparcelable:1.1.1] AndroidManifest.xml:24:5-25:19
MERGED from [androidx.versionedparcelable:versionedparcelable:1.1.1] AndroidManifest.xml:24:5-25:19
MERGED from [androidx.profileinstaller:profileinstaller:1.3.0] AndroidManifest.xml:23:5-53:19
MERGED from [androidx.profileinstaller:profileinstaller:1.3.0] AndroidManifest.xml:23:5-53:19
MERGED from [androidx.startup:startup-runtime:1.1.1] AndroidManifest.xml:25:5-31:19
MERGED from [androidx.startup:startup-runtime:1.1.1] AndroidManifest.xml:25:5-31:19
	android:extractNativeLibs
		INJECTED from src\main\AndroidManifest.xml
	android:appComponentFactory
		ADDED from [androidx.core:core:1.12.0] AndroidManifest.xml:28:18-86
	android:supportsRtl
		ADDED from src\main\AndroidManifest.xml:25:9-35
	android:label
		ADDED from src\main\AndroidManifest.xml:23:9-41
	android:fullBackupContent
		ADDED from src\main\AndroidManifest.xml:21:9-54
	android:roundIcon
		ADDED from src\main\AndroidManifest.xml:24:9-54
	tools:targetApi
		ADDED from src\main\AndroidManifest.xml:27:9-29
	android:icon
		ADDED from src\main\AndroidManifest.xml:22:9-43
	android:allowBackup
		ADDED from src\main\AndroidManifest.xml:19:9-35
	android:theme
		ADDED from src\main\AndroidManifest.xml:26:9-49
	android:dataExtractionRules
		ADDED from src\main\AndroidManifest.xml:20:9-65
activity#com.wellnessapp.MainActivity
ADDED from src\main\AndroidManifest.xml:30:9-39:20
	android:screenOrientation
		ADDED from src\main\AndroidManifest.xml:33:13-52
	android:exported
		ADDED from src\main\AndroidManifest.xml:32:13-36
	android:configChanges
		ADDED from src\main\AndroidManifest.xml:34:13-74
	android:name
		ADDED from src\main\AndroidManifest.xml:31:13-41
intent-filter#action:name:android.intent.action.MAIN+category:name:android.intent.category.LAUNCHER
ADDED from src\main\AndroidManifest.xml:35:13-38:29
action#android.intent.action.MAIN
ADDED from src\main\AndroidManifest.xml:36:17-69
	android:name
		ADDED from src\main\AndroidManifest.xml:36:25-66
category#android.intent.category.LAUNCHER
ADDED from src\main\AndroidManifest.xml:37:17-77
	android:name
		ADDED from src\main\AndroidManifest.xml:37:27-74
activity#com.wellnessapp.activities.HabitTrackerActivity
ADDED from src\main\AndroidManifest.xml:42:9-47:77
	android:screenOrientation
		ADDED from src\main\AndroidManifest.xml:46:13-52
	android:parentActivityName
		ADDED from src\main\AndroidManifest.xml:45:13-55
	android:exported
		ADDED from src\main\AndroidManifest.xml:44:13-37
	android:configChanges
		ADDED from src\main\AndroidManifest.xml:47:13-74
	android:name
		ADDED from src\main\AndroidManifest.xml:43:13-60
activity#com.wellnessapp.activities.MoodJournalActivity
ADDED from src\main\AndroidManifest.xml:50:9-55:77
	android:screenOrientation
		ADDED from src\main\AndroidManifest.xml:54:13-52
	android:parentActivityName
		ADDED from src\main\AndroidManifest.xml:53:13-55
	android:exported
		ADDED from src\main\AndroidManifest.xml:52:13-37
	android:configChanges
		ADDED from src\main\AndroidManifest.xml:55:13-74
	android:name
		ADDED from src\main\AndroidManifest.xml:51:13-59
activity#com.wellnessapp.activities.SettingsActivity
ADDED from src\main\AndroidManifest.xml:58:9-63:77
	android:screenOrientation
		ADDED from src\main\AndroidManifest.xml:62:13-52
	android:parentActivityName
		ADDED from src\main\AndroidManifest.xml:61:13-55
	android:exported
		ADDED from src\main\AndroidManifest.xml:60:13-37
	android:configChanges
		ADDED from src\main\AndroidManifest.xml:63:13-74
	android:name
		ADDED from src\main\AndroidManifest.xml:59:13-56
activity#com.wellnessapp.activities.MoodChartActivity
ADDED from src\main\AndroidManifest.xml:66:9-71:77
	android:screenOrientation
		ADDED from src\main\AndroidManifest.xml:70:13-52
	android:parentActivityName
		ADDED from src\main\AndroidManifest.xml:69:13-73
	android:exported
		ADDED from src\main\AndroidManifest.xml:68:13-37
	android:configChanges
		ADDED from src\main\AndroidManifest.xml:71:13-74
	android:name
		ADDED from src\main\AndroidManifest.xml:67:13-57
activity#com.wellnessapp.activities.ProgressChartsActivity
ADDED from src\main\AndroidManifest.xml:74:9-79:77
	android:screenOrientation
		ADDED from src\main\AndroidManifest.xml:78:13-52
	android:parentActivityName
		ADDED from src\main\AndroidManifest.xml:77:13-55
	android:exported
		ADDED from src\main\AndroidManifest.xml:76:13-37
	android:configChanges
		ADDED from src\main\AndroidManifest.xml:79:13-74
	android:name
		ADDED from src\main\AndroidManifest.xml:75:13-62
receiver#com.wellnessapp.receivers.HydrationReminderReceiver
ADDED from src\main\AndroidManifest.xml:82:9-85:40
	android:enabled
		ADDED from src\main\AndroidManifest.xml:84:13-35
	android:exported
		ADDED from src\main\AndroidManifest.xml:85:13-37
	android:name
		ADDED from src\main\AndroidManifest.xml:83:13-64
receiver#com.wellnessapp.receivers.BootReceiver
ADDED from src\main\AndroidManifest.xml:88:9-98:20
	android:enabled
		ADDED from src\main\AndroidManifest.xml:90:13-35
	android:exported
		ADDED from src\main\AndroidManifest.xml:91:13-36
	android:name
		ADDED from src\main\AndroidManifest.xml:89:13-51
intent-filter#action:name:android.intent.action.BOOT_COMPLETED+action:name:android.intent.action.MY_PACKAGE_REPLACED+action:name:android.intent.action.PACKAGE_REPLACED+data:scheme:package
ADDED from src\main\AndroidManifest.xml:92:13-97:29
	android:priority
		ADDED from src\main\AndroidManifest.xml:92:28-51
action#android.intent.action.BOOT_COMPLETED
ADDED from src\main\AndroidManifest.xml:93:17-79
	android:name
		ADDED from src\main\AndroidManifest.xml:93:25-76
action#android.intent.action.MY_PACKAGE_REPLACED
ADDED from src\main\AndroidManifest.xml:94:17-84
	android:name
		ADDED from src\main\AndroidManifest.xml:94:25-81
action#android.intent.action.PACKAGE_REPLACED
ADDED from src\main\AndroidManifest.xml:95:17-81
	android:name
		ADDED from src\main\AndroidManifest.xml:95:25-78
data
ADDED from src\main\AndroidManifest.xml:96:17-50
	android:scheme
		ADDED from src\main\AndroidManifest.xml:96:23-47
receiver#com.wellnessapp.widgets.HabitWidgetProvider
ADDED from src\main\AndroidManifest.xml:101:9-110:20
	android:exported
		ADDED from src\main\AndroidManifest.xml:103:13-36
	android:name
		ADDED from src\main\AndroidManifest.xml:102:13-56
intent-filter#action:name:android.appwidget.action.APPWIDGET_UPDATE
ADDED from src\main\AndroidManifest.xml:104:13-106:29
action#android.appwidget.action.APPWIDGET_UPDATE
ADDED from src\main\AndroidManifest.xml:105:17-84
	android:name
		ADDED from src\main\AndroidManifest.xml:105:25-81
meta-data#android.appwidget.provider
ADDED from src\main\AndroidManifest.xml:107:13-109:61
	android:resource
		ADDED from src\main\AndroidManifest.xml:109:17-58
	android:name
		ADDED from src\main\AndroidManifest.xml:108:17-58
service#androidx.work.impl.background.systemjob.SystemJobService
ADDED from src\main\AndroidManifest.xml:113:9-119:47
MERGED from [androidx.work:work-runtime:2.9.0] AndroidManifest.xml:46:9-52:35
MERGED from [androidx.work:work-runtime:2.9.0] AndroidManifest.xml:46:9-52:35
	android:enabled
		ADDED from src\main\AndroidManifest.xml:116:13-62
		REJECTED from [androidx.work:work-runtime:2.9.0] AndroidManifest.xml:49:13-70
	android:exported
		ADDED from src\main\AndroidManifest.xml:117:13-36
	android:permission
		ADDED from src\main\AndroidManifest.xml:118:13-69
	tools:targetApi
		ADDED from [androidx.work:work-runtime:2.9.0] AndroidManifest.xml:52:13-32
	android:directBootAware
		ADDED from src\main\AndroidManifest.xml:115:13-44
	tools:replace
		ADDED from src\main\AndroidManifest.xml:119:13-44
	android:name
		ADDED from src\main\AndroidManifest.xml:114:13-84
uses-sdk
INJECTED from src\main\AndroidManifest.xml reason: use-sdk injection requested
INJECTED from src\main\AndroidManifest.xml
INJECTED from src\main\AndroidManifest.xml
MERGED from [androidx.databinding:viewbinding:8.10.1] AndroidManifest.xml:5:5-44
MERGED from [androidx.databinding:viewbinding:8.10.1] AndroidManifest.xml:5:5-44
MERGED from [androidx.navigation:navigation-common:2.7.6] AndroidManifest.xml:20:5-44
MERGED from [androidx.navigation:navigation-common:2.7.6] AndroidManifest.xml:20:5-44
MERGED from [androidx.navigation:navigation-common-ktx:2.7.6] AndroidManifest.xml:5:5-44
MERGED from [androidx.navigation:navigation-common-ktx:2.7.6] AndroidManifest.xml:5:5-44
MERGED from [androidx.navigation:navigation-runtime:2.7.6] AndroidManifest.xml:20:5-44
MERGED from [androidx.navigation:navigation-runtime:2.7.6] AndroidManifest.xml:20:5-44
MERGED from [androidx.navigation:navigation-runtime-ktx:2.7.6] AndroidManifest.xml:5:5-44
MERGED from [androidx.navigation:navigation-runtime-ktx:2.7.6] AndroidManifest.xml:5:5-44
MERGED from [androidx.navigation:navigation-fragment:2.7.6] AndroidManifest.xml:20:5-44
MERGED from [androidx.navigation:navigation-fragment:2.7.6] AndroidManifest.xml:20:5-44
MERGED from [androidx.navigation:navigation-fragment-ktx:2.7.6] AndroidManifest.xml:5:5-44
MERGED from [androidx.navigation:navigation-fragment-ktx:2.7.6] AndroidManifest.xml:5:5-44
MERGED from [androidx.navigation:navigation-ui-ktx:2.7.6] AndroidManifest.xml:5:5-44
MERGED from [androidx.navigation:navigation-ui-ktx:2.7.6] AndroidManifest.xml:5:5-44
MERGED from [androidx.navigation:navigation-ui:2.7.6] AndroidManifest.xml:20:5-44
MERGED from [androidx.navigation:navigation-ui:2.7.6] AndroidManifest.xml:20:5-44
MERGED from [com.google.android.material:material:1.11.0] AndroidManifest.xml:20:5-44
MERGED from [com.google.android.material:material:1.11.0] AndroidManifest.xml:20:5-44
MERGED from [androidx.constraintlayout:constraintlayout:2.1.4] AndroidManifest.xml:5:5-7:41
MERGED from [androidx.constraintlayout:constraintlayout:2.1.4] AndroidManifest.xml:5:5-7:41
MERGED from [androidx.appcompat:appcompat-resources:1.6.1] AndroidManifest.xml:20:5-44
MERGED from [androidx.appcompat:appcompat-resources:1.6.1] AndroidManifest.xml:20:5-44
MERGED from [androidx.preference:preference-ktx:1.2.1] AndroidManifest.xml:20:5-22:41
MERGED from [androidx.preference:preference-ktx:1.2.1] AndroidManifest.xml:20:5-22:41
MERGED from [androidx.preference:preference:1.2.1] AndroidManifest.xml:20:5-22:41
MERGED from [androidx.preference:preference:1.2.1] AndroidManifest.xml:20:5-22:41
MERGED from [androidx.appcompat:appcompat:1.6.1] AndroidManifest.xml:20:5-44
MERGED from [androidx.appcompat:appcompat:1.6.1] AndroidManifest.xml:20:5-44
MERGED from [androidx.glance:glance:1.0.0] AndroidManifest.xml:5:5-44
MERGED from [androidx.glance:glance:1.0.0] AndroidManifest.xml:5:5-44
MERGED from [androidx.glance:glance-appwidget:1.0.0] AndroidManifest.xml:20:5-44
MERGED from [androidx.glance:glance-appwidget:1.0.0] AndroidManifest.xml:20:5-44
MERGED from [androidx.recyclerview:recyclerview:1.3.2] AndroidManifest.xml:20:5-44
MERGED from [androidx.recyclerview:recyclerview:1.3.2] AndroidManifest.xml:20:5-44
MERGED from [androidx.viewpager2:viewpager2:1.1.0-beta02] AndroidManifest.xml:5:5-44
MERGED from [androidx.viewpager2:viewpager2:1.1.0-beta02] AndroidManifest.xml:5:5-44
MERGED from [androidx.fragment:fragment:1.6.2] AndroidManifest.xml:20:5-44
MERGED from [androidx.fragment:fragment:1.6.2] AndroidManifest.xml:20:5-44
MERGED from [androidx.fragment:fragment-ktx:1.6.2] AndroidManifest.xml:20:5-44
MERGED from [androidx.fragment:fragment-ktx:1.6.2] AndroidManifest.xml:20:5-44
MERGED from [androidx.customview:customview-poolingcontainer:1.0.0] AndroidManifest.xml:20:5-21:38
MERGED from [androidx.customview:customview-poolingcontainer:1.0.0] AndroidManifest.xml:20:5-21:38
MERGED from [androidx.activity:activity:1.8.0] AndroidManifest.xml:20:5-44
MERGED from [androidx.activity:activity:1.8.0] AndroidManifest.xml:20:5-44
MERGED from [androidx.activity:activity-ktx:1.8.0] AndroidManifest.xml:5:5-44
MERGED from [androidx.activity:activity-ktx:1.8.0] AndroidManifest.xml:5:5-44
MERGED from [androidx.savedstate:savedstate-ktx:1.2.1] AndroidManifest.xml:20:5-44
MERGED from [androidx.savedstate:savedstate-ktx:1.2.1] AndroidManifest.xml:20:5-44
MERGED from [androidx.savedstate:savedstate:1.2.1] AndroidManifest.xml:20:5-44
MERGED from [androidx.savedstate:savedstate:1.2.1] AndroidManifest.xml:20:5-44
MERGED from [androidx.emoji2:emoji2-views-helper:1.2.0] AndroidManifest.xml:5:5-44
MERGED from [androidx.emoji2:emoji2-views-helper:1.2.0] AndroidManifest.xml:5:5-44
MERGED from [androidx.emoji2:emoji2:1.2.0] AndroidManifest.xml:21:5-44
MERGED from [androidx.emoji2:emoji2:1.2.0] AndroidManifest.xml:21:5-44
MERGED from [androidx.work:work-runtime-ktx:2.9.0] AndroidManifest.xml:20:5-44
MERGED from [androidx.work:work-runtime-ktx:2.9.0] AndroidManifest.xml:20:5-44
MERGED from [androidx.work:work-runtime:2.9.0] AndroidManifest.xml:21:5-44
MERGED from [androidx.work:work-runtime:2.9.0] AndroidManifest.xml:21:5-44
MERGED from [androidx.lifecycle:lifecycle-runtime-ktx:2.7.0] AndroidManifest.xml:20:5-44
MERGED from [androidx.lifecycle:lifecycle-runtime-ktx:2.7.0] AndroidManifest.xml:20:5-44
MERGED from [androidx.lifecycle:lifecycle-service:2.7.0] AndroidManifest.xml:5:5-44
MERGED from [androidx.lifecycle:lifecycle-service:2.7.0] AndroidManifest.xml:5:5-44
MERGED from [androidx.lifecycle:lifecycle-livedata-core:2.7.0] AndroidManifest.xml:20:5-44
MERGED from [androidx.lifecycle:lifecycle-livedata-core:2.7.0] AndroidManifest.xml:20:5-44
MERGED from [androidx.lifecycle:lifecycle-process:2.7.0] AndroidManifest.xml:21:5-44
MERGED from [androidx.lifecycle:lifecycle-process:2.7.0] AndroidManifest.xml:21:5-44
MERGED from [androidx.lifecycle:lifecycle-livedata-core-ktx:2.7.0] AndroidManifest.xml:5:5-44
MERGED from [androidx.lifecycle:lifecycle-livedata-core-ktx:2.7.0] AndroidManifest.xml:5:5-44
MERGED from [androidx.dynamicanimation:dynamicanimation:1.0.0] AndroidManifest.xml:20:5-44
MERGED from [androidx.dynamicanimation:dynamicanimation:1.0.0] AndroidManifest.xml:20:5-44
MERGED from [androidx.legacy:legacy-support-core-utils:1.0.0] AndroidManifest.xml:20:5-44
MERGED from [androidx.legacy:legacy-support-core-utils:1.0.0] AndroidManifest.xml:20:5-44
MERGED from [androidx.loader:loader:1.0.0] AndroidManifest.xml:20:5-44
MERGED from [androidx.loader:loader:1.0.0] AndroidManifest.xml:20:5-44
MERGED from [androidx.lifecycle:lifecycle-livedata:2.7.0] AndroidManifest.xml:20:5-44
MERGED from [androidx.lifecycle:lifecycle-livedata:2.7.0] AndroidManifest.xml:20:5-44
MERGED from [androidx.lifecycle:lifecycle-viewmodel:2.7.0] AndroidManifest.xml:20:5-44
MERGED from [androidx.lifecycle:lifecycle-viewmodel:2.7.0] AndroidManifest.xml:20:5-44
MERGED from [androidx.lifecycle:lifecycle-viewmodel-savedstate:2.7.0] AndroidManifest.xml:20:5-44
MERGED from [androidx.lifecycle:lifecycle-viewmodel-savedstate:2.7.0] AndroidManifest.xml:20:5-44
MERGED from [androidx.core:core-ktx:1.12.0] AndroidManifest.xml:5:5-44
MERGED from [androidx.core:core-ktx:1.12.0] AndroidManifest.xml:5:5-44
MERGED from [androidx.drawerlayout:drawerlayout:1.1.1] AndroidManifest.xml:20:5-22:41
MERGED from [androidx.drawerlayout:drawerlayout:1.1.1] AndroidManifest.xml:20:5-22:41
MERGED from [androidx.coordinatorlayout:coordinatorlayout:1.1.0] AndroidManifest.xml:20:5-22:41
MERGED from [androidx.coordinatorlayout:coordinatorlayout:1.1.0] AndroidManifest.xml:20:5-22:41
MERGED from [androidx.vectordrawable:vectordrawable-animated:1.1.0] AndroidManifest.xml:20:5-22:41
MERGED from [androidx.vectordrawable:vectordrawable-animated:1.1.0] AndroidManifest.xml:20:5-22:41
MERGED from [androidx.vectordrawable:vectordrawable:1.1.0] AndroidManifest.xml:20:5-22:41
MERGED from [androidx.vectordrawable:vectordrawable:1.1.0] AndroidManifest.xml:20:5-22:41
MERGED from [androidx.core:core-remoteviews:1.0.0] AndroidManifest.xml:21:5-44
MERGED from [androidx.core:core-remoteviews:1.0.0] AndroidManifest.xml:21:5-44
MERGED from [androidx.slidingpanelayout:slidingpanelayout:1.2.0] AndroidManifest.xml:20:5-22:41
MERGED from [androidx.slidingpanelayout:slidingpanelayout:1.2.0] AndroidManifest.xml:20:5-22:41
MERGED from [androidx.viewpager:viewpager:1.0.0] AndroidManifest.xml:20:5-44
MERGED from [androidx.viewpager:viewpager:1.0.0] AndroidManifest.xml:20:5-44
MERGED from [androidx.customview:customview:1.1.0] AndroidManifest.xml:20:5-22:41
MERGED from [androidx.customview:customview:1.1.0] AndroidManifest.xml:20:5-22:41
MERGED from [androidx.transition:transition:1.4.1] AndroidManifest.xml:20:5-22:41
MERGED from [androidx.transition:transition:1.4.1] AndroidManifest.xml:20:5-22:41
MERGED from [androidx.window:window:1.0.0] AndroidManifest.xml:20:5-22:41
MERGED from [androidx.window:window:1.0.0] AndroidManifest.xml:20:5-22:41
MERGED from [androidx.core:core:1.12.0] AndroidManifest.xml:20:5-44
MERGED from [androidx.core:core:1.12.0] AndroidManifest.xml:20:5-44
MERGED from [androidx.lifecycle:lifecycle-runtime:2.7.0] AndroidManifest.xml:5:5-44
MERGED from [androidx.lifecycle:lifecycle-runtime:2.7.0] AndroidManifest.xml:5:5-44
MERGED from [androidx.lifecycle:lifecycle-livedata-ktx:2.7.0] AndroidManifest.xml:5:5-44
MERGED from [androidx.lifecycle:lifecycle-livedata-ktx:2.7.0] AndroidManifest.xml:5:5-44
MERGED from [androidx.lifecycle:lifecycle-viewmodel-ktx:2.7.0] AndroidManifest.xml:5:5-44
MERGED from [androidx.lifecycle:lifecycle-viewmodel-ktx:2.7.0] AndroidManifest.xml:5:5-44
MERGED from [androidx.datastore:datastore-preferences:1.0.0] AndroidManifest.xml:20:5-22:41
MERGED from [androidx.datastore:datastore-preferences:1.0.0] AndroidManifest.xml:20:5-22:41
MERGED from [androidx.datastore:datastore:1.0.0] AndroidManifest.xml:20:5-22:41
MERGED from [androidx.datastore:datastore:1.0.0] AndroidManifest.xml:20:5-22:41
MERGED from [androidx.room:room-ktx:2.5.0] AndroidManifest.xml:20:5-44
MERGED from [androidx.room:room-ktx:2.5.0] AndroidManifest.xml:20:5-44
MERGED from [androidx.compose.ui:ui-graphics:1.1.1] AndroidManifest.xml:20:5-22:41
MERGED from [androidx.compose.ui:ui-graphics:1.1.1] AndroidManifest.xml:20:5-22:41
MERGED from [androidx.compose.ui:ui-unit:1.1.1] AndroidManifest.xml:20:5-22:41
MERGED from [androidx.compose.ui:ui-unit:1.1.1] AndroidManifest.xml:20:5-22:41
MERGED from [androidx.compose.ui:ui-geometry:1.1.1] AndroidManifest.xml:20:5-22:41
MERGED from [androidx.compose.ui:ui-geometry:1.1.1] AndroidManifest.xml:20:5-22:41
MERGED from [androidx.compose.runtime:runtime:1.2.1] AndroidManifest.xml:20:5-21:38
MERGED from [androidx.compose.runtime:runtime:1.2.1] AndroidManifest.xml:20:5-21:38
MERGED from [androidx.room:room-runtime:2.5.0] AndroidManifest.xml:21:5-44
MERGED from [androidx.room:room-runtime:2.5.0] AndroidManifest.xml:21:5-44
MERGED from [com.github.PhilJay:MPAndroidChart:v3.1.0] AndroidManifest.xml:16:5-18:41
MERGED from [com.github.PhilJay:MPAndroidChart:v3.1.0] AndroidManifest.xml:16:5-18:41
MERGED from [androidx.cardview:cardview:1.0.0] AndroidManifest.xml:20:5-44
MERGED from [androidx.cardview:cardview:1.0.0] AndroidManifest.xml:20:5-44